<?xml version="1.0" encoding="UTF-8"?>
<!-- Generated by org.testng.reporters.JUnitXMLReporter -->
<testsuite ignored="0" hostname="ShivAtharv" failures="1" tests="2" name="Test(failed)" time="51.289" errors="0" timestamp="2024-02-14T22:03:09 MST">
  <testcase classname="TestCases.TC_002_LoginTest" name="verify_login" time="12.4">
    <failure type="java.lang.AssertionError" message="Login failed expected [true] but found [false]">
      <![CDATA[java.lang.AssertionError: Login failed expected [true] but found [false]
at TestCases.TC_002_LoginTest.verify_login(TC_002_LoginTest.java:40)
at java.base/java.util.ArrayList.forEach(ArrayList.java:1511)
... Removed 33 stack frames]]>
    </failure>
  </testcase> <!-- verify_login -->
  <testcase classname="TestCases.TC_001_AccountRegistrationTest" name="verify_account_registration" time="7.776"/>
</testsuite> <!-- Test(failed) -->
