<?xml version="1.0" encoding="UTF-8"?>
<testng-results ignored="0" total="2" passed="2" failed="0" skipped="0">
  <reporter-output>
  </reporter-output>
  <suite started-at="2024-02-21T15:02:06 MST" name="Suite" finished-at="2024-02-21T15:02:41 MST" duration-ms="34485">
    <groups>
      <group name="regression">
        <method signature="TC_001_AccountRegistrationTest.verify_account_registration()[pri:0, instance:TestCases.TC_001_AccountRegistrationTest@69e153c5]" name="verify_account_registration" class="TestCases.TC_001_AccountRegistrationTest"/>
      </group> <!-- regression -->
      <group name="sanity">
        <method signature="TC_002_LoginTest.verify_login()[pri:0, instance:TestCases.TC_002_LoginTest@5d0bf09b]" name="verify_login" class="TestCases.TC_002_LoginTest"/>
      </group> <!-- sanity -->
      <group name="master">
        <method signature="TC_001_AccountRegistrationTest.verify_account_registration()[pri:0, instance:TestCases.TC_001_AccountRegistrationTest@69e153c5]" name="verify_account_registration" class="TestCases.TC_001_AccountRegistrationTest"/>
        <method signature="TC_002_LoginTest.verify_login()[pri:0, instance:TestCases.TC_002_LoginTest@5d0bf09b]" name="verify_login" class="TestCases.TC_002_LoginTest"/>
      </group> <!-- master -->
    </groups>
    <test started-at="2024-02-21T15:02:06 MST" name="Test" finished-at="2024-02-21T15:02:41 MST" duration-ms="34485">
      <class name="TestCases.TC_001_AccountRegistrationTest">
        <test-method is-config="true" signature="setup(java.lang.String,java.lang.String)[pri:0, instance:TestCases.TC_001_AccountRegistrationTest@69e153c5]" started-at="2024-02-21T15:02:07 MST" name="setup" finished-at="2024-02-21T15:02:23 MST" duration-ms="15872" status="PASS">
          <params>
            <param index="0">
              <value>
                <![CDATA[Windows]]>
              </value>
            </param>
            <param index="1">
              <value>
                <![CDATA[chrome]]>
              </value>
            </param>
          </params>
          <reporter-output>
          </reporter-output>
        </test-method> <!-- setup -->
        <test-method signature="verify_account_registration()[pri:0, instance:TestCases.TC_001_AccountRegistrationTest@69e153c5]" started-at="2024-02-21T15:02:23 MST" name="verify_account_registration" finished-at="2024-02-21T15:02:31 MST" duration-ms="7650" status="PASS">
          <reporter-output>
          </reporter-output>
        </test-method> <!-- verify_account_registration -->
        <test-method is-config="true" signature="TearDown()[pri:0, instance:TestCases.TC_001_AccountRegistrationTest@69e153c5]" started-at="2024-02-21T15:02:31 MST" name="TearDown" finished-at="2024-02-21T15:02:31 MST" duration-ms="359" status="PASS">
          <reporter-output>
          </reporter-output>
        </test-method> <!-- TearDown -->
      </class> <!-- TestCases.TC_001_AccountRegistrationTest -->
      <class name="TestCases.TC_002_LoginTest">
        <test-method is-config="true" signature="setup(java.lang.String,java.lang.String)[pri:0, instance:TestCases.TC_002_LoginTest@5d0bf09b]" started-at="2024-02-21T15:02:31 MST" name="setup" finished-at="2024-02-21T15:02:38 MST" duration-ms="6301" status="PASS">
          <params>
            <param index="0">
              <value>
                <![CDATA[Windows]]>
              </value>
            </param>
            <param index="1">
              <value>
                <![CDATA[chrome]]>
              </value>
            </param>
          </params>
          <reporter-output>
          </reporter-output>
        </test-method> <!-- setup -->
        <test-method signature="verify_login()[pri:0, instance:TestCases.TC_002_LoginTest@5d0bf09b]" started-at="2024-02-21T15:02:38 MST" name="verify_login" finished-at="2024-02-21T15:02:40 MST" duration-ms="2804" status="PASS">
          <reporter-output>
          </reporter-output>
        </test-method> <!-- verify_login -->
        <test-method is-config="true" signature="TearDown()[pri:0, instance:TestCases.TC_002_LoginTest@5d0bf09b]" started-at="2024-02-21T15:02:40 MST" name="TearDown" finished-at="2024-02-21T15:02:41 MST" duration-ms="448" status="PASS">
          <reporter-output>
          </reporter-output>
        </test-method> <!-- TearDown -->
      </class> <!-- TestCases.TC_002_LoginTest -->
    </test> <!-- Test -->
  </suite> <!-- Suite -->
</testng-results>
